<?xml version="1.0" encoding="UTF-8"?>
<testng-results skipped="0" failed="0" ignored="0" total="1" passed="1">
  <reporter-output>
  </reporter-output>
  <suite name="Default suite" duration-ms="613176" started-at="2018-10-08T21:29:19Z" finished-at="2018-10-08T21:39:32Z">
    <groups>
    </groups>
    <test name="Default test" duration-ms="613176" started-at="2018-10-08T21:29:19Z" finished-at="2018-10-08T21:39:32Z">
      <class name="Servicerequest">
        <test-method status="PASS" signature="beforeSuite()[pri:0, instance:Servicerequest@63440df3]" name="beforeSuite" is-config="true" duration-ms="28" started-at="2018-10-08T21:29:18Z" finished-at="2018-10-08T21:29:19Z">
          <reporter-output>
          </reporter-output>
        </test-method> <!-- beforeSuite -->
        <test-method status="PASS" signature="ServiceRequestVerify()[pri:0, instance:Servicerequest@63440df3]" name="ServiceRequestVerify" duration-ms="613158" started-at="2018-10-08T21:29:19Z" finished-at="2018-10-08T21:39:32Z">
          <reporter-output>
          </reporter-output>
        </test-method> <!-- ServiceRequestVerify -->
        <test-method status="PASS" signature="afterSuite()[pri:0, instance:Servicerequest@63440df3]" name="afterSuite" is-config="true" duration-ms="1" started-at="2018-10-08T21:39:32Z" finished-at="2018-10-08T21:39:32Z">
          <reporter-output>
          </reporter-output>
        </test-method> <!-- afterSuite -->
      </class> <!-- Servicerequest -->
    </test> <!-- Default test -->
  </suite> <!-- Default suite -->
</testng-results>
